[01mRunning Sphinx v8.2.3[39;49;00m
[01mloading translations [en]... [39;49;00mdone
Writing evaluated template result to C:\Users\ezra\Chalmers\Chalmers.VNH - Documents\MS7 Syntes och handledning\Exempel plattform\handledning\_build\html\_static\nbsphinx-code-cells.css
[01mbuilding [mo]: [39;49;00mtargets for 0 po files that are out of date
[01mwriting output... [39;49;00m
[01mbuilding [html]: [39;49;00mtargets for 12 source files that are out of date
[01mupdating environment: [39;49;00m[new config] 12 added, 0 changed, 0 removed
[2K[01mreading sources... [39;49;00m[  8%] [35mbasics[39;49;00m
[2K[01mreading sources... [39;49;00m[ 17%] [35mexamples/get-python-running[39;49;00m
[2K[01mreading sources... [39;49;00m[ 25%] [35mexamples/model_primer[39;49;00m
[2K[01mreading sources... [39;49;00m[ 33%] [35mexamples/preprocessing[39;49;00m
[2K[01mreading sources... [39;49;00m[ 42%] [35mexamples/tool-overview[39;49;00m
[2K[01mreading sources... [39;49;00m[ 50%] [35mexamples/workflow-data-processing[39;49;00m
[2K[01mreading sources... [39;49;00m[ 58%] [35mexamples/workflow-overview[39;49;00m
[2K[01mreading sources... [39;49;00m[ 67%] [35midentifikation[39;49;00m
[2K[01mreading sources... [39;49;00m[ 75%] [35mindex[39;49;00m
[2K[01mreading sources... [39;49;00m[ 83%] [35minledning[39;49;00m
[2K[01mreading sources... [39;49;00m[ 92%] [35mresurskatalog[39;49;00m
[2K[01mreading sources... [39;49;00m[100%] [35mverktyg[39;49;00m

[01mlooking for now-outdated files... [39;49;00mnone found
[01mpickling environment... [39;49;00mdone
[01mchecking consistency... [39;49;00mC:\Users\ezra\Chalmers\Chalmers.VNH - Documents\MS7 Syntes och handledning\Exempel plattform\handledning\examples\get-python-running.nblink: document is referenced in multiple toctrees: ['inledning', 'verktyg'], selecting: verktyg <- examples/get-python-running
C:\Users\ezra\Chalmers\Chalmers.VNH - Documents\MS7 Syntes och handledning\Exempel plattform\handledning\examples\model_primer.nblink: document is referenced in multiple toctrees: ['basics', 'identifikation', 'verktyg'], selecting: verktyg <- examples/model_primer
C:\Users\ezra\Chalmers\Chalmers.VNH - Documents\MS7 Syntes och handledning\Exempel plattform\handledning\examples\preprocessing.nblink: document is referenced in multiple toctrees: ['basics', 'identifikation', 'verktyg'], selecting: verktyg <- examples/preprocessing
C:\Users\ezra\Chalmers\Chalmers.VNH - Documents\MS7 Syntes och handledning\Exempel plattform\handledning\examples\tool-overview.nblink: document is referenced in multiple toctrees: ['inledning', 'inledning', 'verktyg'], selecting: verktyg <- examples/tool-overview
C:\Users\ezra\Chalmers\Chalmers.VNH - Documents\MS7 Syntes och handledning\Exempel plattform\handledning\examples\workflow-data-processing.nblink: document is referenced in multiple toctrees: ['inledning', 'inledning', 'verktyg'], selecting: verktyg <- examples/workflow-data-processing
C:\Users\ezra\Chalmers\Chalmers.VNH - Documents\MS7 Syntes och handledning\Exempel plattform\handledning\examples\workflow-overview.nblink: document is referenced in multiple toctrees: ['inledning', 'inledning', 'verktyg'], selecting: verktyg <- examples/workflow-overview
done
[01mpreparing documents... [39;49;00mdone
[01mcopying assets... [39;49;00m
[01mcopying static files... [39;49;00m
Writing evaluated template result to C:\Users\ezra\Chalmers\Chalmers.VNH - Documents\MS7 Syntes och handledning\Exempel plattform\handledning\_build\html\_static\basic.css
Writing evaluated template result to C:\Users\ezra\Chalmers\Chalmers.VNH - Documents\MS7 Syntes och handledning\Exempel plattform\handledning\_build\html\_static\documentation_options.js
Writing evaluated template result to C:\Users\ezra\Chalmers\Chalmers.VNH - Documents\MS7 Syntes och handledning\Exempel plattform\handledning\_build\html\_static\language_data.js
[01mcopying static files: [39;49;00mdone
[01mcopying extra files... [39;49;00m
[01mcopying extra files: [39;49;00mdone
[01mcopying assets: [39;49;00mdone
[2K[01mwriting output... [39;49;00m[  8%] [32mbasics[39;49;00m
[2K[01mwriting output... [39;49;00m[ 17%] [32mexamples/get-python-running[39;49;00m
[2K[01mwriting output... [39;49;00m[ 25%] [32mexamples/model_primer[39;49;00m
[2K[01mwriting output... [39;49;00m[ 33%] [32mexamples/preprocessing[39;49;00m
[2K[01mwriting output... [39;49;00m[ 42%] [32mexamples/tool-overview[39;49;00m
[2K[01mwriting output... [39;49;00m[ 50%] [32mexamples/workflow-data-processing[39;49;00m
[2K[01mwriting output... [39;49;00m[ 58%] [32mexamples/workflow-overview[39;49;00m
[2K[01mwriting output... [39;49;00m[ 67%] [32midentifikation[39;49;00m
[2K[01mwriting output... [39;49;00m[ 75%] [32mindex[39;49;00m
[2K[01mwriting output... [39;49;00m[ 83%] [32minledning[39;49;00m
[2K[01mwriting output... [39;49;00m[ 92%] [32mresurskatalog[39;49;00m
[2K[01mwriting output... [39;49;00m[100%] [32mverktyg[39;49;00m

[01mgenerating indices... [39;49;00mgenindex done
[01mcopying linked files... [39;49;00m
[2K[01mcopying notebooks ... [39;49;00m[ 17%] [33mexamples/get-python-running.ipynb[39;49;00m
[2K[01mcopying notebooks ... [39;49;00m[ 33%] [33mexamples/model_primer.ipynb[39;49;00m
[2K[01mcopying notebooks ... [39;49;00m[ 50%] [33mexamples/preprocessing.ipynb[39;49;00m
[2K[01mcopying notebooks ... [39;49;00m[ 67%] [33mexamples/tool-overview.ipynb[39;49;00m
[2K[01mcopying notebooks ... [39;49;00m[ 83%] [33mexamples/workflow-data-processing.ipynb[39;49;00m
[2K[01mcopying notebooks ... [39;49;00m[100%] [33mexamples/workflow-overview.ipynb[39;49;00m

[01mwriting additional pages... [39;49;00msearch done
[2K[01mcopying images... [39;49;00m[  7%] [33m_build/html/.doctrees/nbsphinx/examples_model_primer_3_1.png[39;49;00m
[2K[01mcopying images... [39;49;00m[ 13%] [33m_build/html/.doctrees/nbsphinx/examples_model_primer_5_1.png[39;49;00m
[2K[01mcopying images... [39;49;00m[ 20%] [33m_build/html/.doctrees/nbsphinx/examples_model_primer_11_1.png[39;49;00m
[2K[01mcopying images... [39;49;00m[ 27%] [33m_build/html/.doctrees/nbsphinx/examples_model_primer_13_1.png[39;49;00m
[2K[01mcopying images... [39;49;00m[ 33%] [33m_build/html/.doctrees/nbsphinx/examples_model_primer_17_2.png[39;49;00m
[2K[01mcopying images... [39;49;00m[ 40%] [33m_build/html/.doctrees/nbsphinx/examples_preprocessing_42_0.png[39;49;00m
[2K[01mcopying images... [39;49;00m[ 47%] [33m_build/html/.doctrees/nbsphinx/examples_preprocessing_46_0.png[39;49;00m
[2K[01mcopying images... [39;49;00m[ 53%] [33m_build/html/.doctrees/nbsphinx/examples_preprocessing_50_0.png[39;49;00m
[2K[01mcopying images... [39;49;00m[ 60%] [33m_build/html/.doctrees/nbsphinx/examples_preprocessing_53_1.png[39;49;00m
[2K[01mcopying images... [39;49;00m[ 67%] [33m_build/html/.doctrees/nbsphinx/examples_preprocessing_60_1.png[39;49;00m
[2K[01mcopying images... [39;49;00m[ 73%] [33m_build/html/.doctrees/nbsphinx/examples_preprocessing_66_1.png[39;49;00m
[2K[01mcopying images... [39;49;00m[ 80%] [33m_build/html/.doctrees/nbsphinx/examples_preprocessing_72_1.png[39;49;00m
[2K[01mcopying images... [39;49;00m[ 87%] [33m_build/html/.doctrees/nbsphinx/examples_tool-overview_2_0.svg[39;49;00m
[2K[01mcopying images... [39;49;00m[ 93%] [33m_build/html/.doctrees/nbsphinx/examples_workflow-data-processing_2_0.svg[39;49;00m
[2K[01mcopying images... [39;49;00m[100%] [33m_build/html/.doctrees/nbsphinx/examples_workflow-overview_2_0.svg[39;49;00m

[01mdumping search index in English (code: en)... [39;49;00mdone
[01mdumping object inventory... [39;49;00mdone
[2K[01mpostprocess html... [39;49;00m[  8%] [33mC:\Users\ezra\Chalmers\Chalmers.VNH - Documents\MS7 Syntes och handledning\Exempel plattform\handledning\_build\html\basics.html[39;49;00m
[2K[01mpostprocess html... [39;49;00m[ 17%] [33mC:\Users\ezra\Chalmers\Chalmers.VNH - Documents\MS7 Syntes och handledning\Exempel plattform\handledning\_build\html\examples\get-python-running.html[39;49;00m
[2K[01mpostprocess html... [39;49;00m[ 25%] [33mC:\Users\ezra\Chalmers\Chalmers.VNH - Documents\MS7 Syntes och handledning\Exempel plattform\handledning\_build\html\examples\model_primer.html[39;49;00m
[2K[01mpostprocess html... [39;49;00m[ 33%] [33mC:\Users\ezra\Chalmers\Chalmers.VNH - Documents\MS7 Syntes och handledning\Exempel plattform\handledning\_build\html\examples\preprocessing.html[39;49;00m
[2K[01mpostprocess html... [39;49;00m[ 42%] [33mC:\Users\ezra\Chalmers\Chalmers.VNH - Documents\MS7 Syntes och handledning\Exempel plattform\handledning\_build\html\examples\tool-overview.html[39;49;00m
[2K[01mpostprocess html... [39;49;00m[ 50%] [33mC:\Users\ezra\Chalmers\Chalmers.VNH - Documents\MS7 Syntes och handledning\Exempel plattform\handledning\_build\html\examples\workflow-data-processing.html[39;49;00m
[2K[01mpostprocess html... [39;49;00m[ 58%] [33mC:\Users\ezra\Chalmers\Chalmers.VNH - Documents\MS7 Syntes och handledning\Exempel plattform\handledning\_build\html\examples\workflow-overview.html[39;49;00m
[2K[01mpostprocess html... [39;49;00m[ 67%] [33mC:\Users\ezra\Chalmers\Chalmers.VNH - Documents\MS7 Syntes och handledning\Exempel plattform\handledning\_build\html\identifikation.html[39;49;00m
[2K[01mpostprocess html... [39;49;00m[ 75%] [33mC:\Users\ezra\Chalmers\Chalmers.VNH - Documents\MS7 Syntes och handledning\Exempel plattform\handledning\_build\html\index.html[39;49;00m
[2K[01mpostprocess html... [39;49;00m[ 83%] [33mC:\Users\ezra\Chalmers\Chalmers.VNH - Documents\MS7 Syntes och handledning\Exempel plattform\handledning\_build\html\inledning.html[39;49;00m
[2K[01mpostprocess html... [39;49;00m[ 92%] [33mC:\Users\ezra\Chalmers\Chalmers.VNH - Documents\MS7 Syntes och handledning\Exempel plattform\handledning\_build\html\resurskatalog.html[39;49;00m
[2K[01mpostprocess html... [39;49;00m[100%] [33mC:\Users\ezra\Chalmers\Chalmers.VNH - Documents\MS7 Syntes och handledning\Exempel plattform\handledning\_build\html\verktyg.html[39;49;00m

[01mbuild succeeded.[39;49;00m

The HTML pages are in _build\html.
